00:36:27.815 [TestNG-tests-3] INFO  testCases.TC001_UserRegistration - *** Clicked On the MyAccount link***
00:38:55.280 [main] INFO  org.testng.internal.Utils - [TestNG] Running:
  D:\JAVA_Seleniun_Workspace\Practice_Workspace\OpenCartWebApp\master.xml

00:39:01.349 [TestNG-tests-1] INFO  testCases.TC001_UserRegistration - ***Test Starts TC001_UserRegistration *****
00:39:02.499 [TestNG-tests-2] INFO  testCases.TC001_UserRegistration - ***Test Starts TC001_UserRegistration *****
00:39:04.041 [TestNG-tests-3] INFO  testCases.TC001_UserRegistration - ***Test Starts TC001_UserRegistration *****
00:39:04.314 [TestNG-tests-1] INFO  testCases.TC001_UserRegistration - *** Clicked On the MyAccount link***
00:39:04.527 [TestNG-tests-2] INFO  testCases.TC001_UserRegistration - *** Clicked On the MyAccount link***
00:39:04.737 [TestNG-tests-3] INFO  testCases.TC001_UserRegistration - *** Clicked On the MyAccount link***
00:39:05.738 [TestNG-tests-1] INFO  testCases.TC001_UserRegistration - *** Clicking On the Registeration user link***
00:39:05.740 [TestNG-tests-1] INFO  testCases.TC001_UserRegistration - *** Providing new user details ***
00:49:27.600 [main] INFO  org.testng.internal.Utils - [TestNG] Running:
  D:\JAVA_Seleniun_Workspace\Practice_Workspace\OpenCartWebApp\master.xml

00:49:32.536 [TestNG-tests-1] INFO  testCases.TC001_UserRegistration - ***Test Starts TC001_UserRegistration *****
00:49:35.071 [TestNG-tests-2] INFO  testCases.TC001_UserRegistration - ***Test Starts TC001_UserRegistration *****
00:49:37.033 [TestNG-tests-3] INFO  testCases.TC001_UserRegistration - ***Test Starts TC001_UserRegistration *****
00:49:37.304 [TestNG-tests-1] INFO  testCases.TC001_UserRegistration - *** Clicked On the MyAccount link***
00:49:37.532 [TestNG-tests-2] INFO  testCases.TC001_UserRegistration - *** Clicked On the MyAccount link***
00:49:37.753 [TestNG-tests-3] INFO  testCases.TC001_UserRegistration - *** Clicked On the MyAccount link***
00:49:38.534 [TestNG-tests-2] INFO  testCases.TC001_UserRegistration - *** Clicking On the Registeration user link***
00:49:38.538 [TestNG-tests-2] INFO  testCases.TC001_UserRegistration - *** Providing new user details ***
00:52:06.999 [main] INFO  org.testng.internal.Utils - [TestNG] Running:
  D:\JAVA_Seleniun_Workspace\Practice_Workspace\OpenCartWebApp\master.xml

00:52:11.186 [TestNG-tests-1] INFO  testCases.TC001_UserRegistration - ***Test Starts TC001_UserRegistration *****
00:52:11.471 [TestNG-tests-2] INFO  testCases.TC001_UserRegistration - ***Test Starts TC001_UserRegistration *****
00:52:13.457 [TestNG-tests-1] INFO  testCases.TC001_UserRegistration - *** Clicked On the MyAccount link***
00:52:14.313 [TestNG-tests-1] INFO  testCases.TC001_UserRegistration - *** Clicking On the Registeration user link***
00:52:14.317 [TestNG-tests-1] INFO  testCases.TC001_UserRegistration - *** Providing new user details ***
00:54:24.967 [main] INFO  org.testng.internal.Utils - [TestNG] Running:
  D:\JAVA_Seleniun_Workspace\Practice_Workspace\OpenCartWebApp\master.xml

00:54:27.560 [main] INFO  testCases.TC001_UserRegistration - ***Test Starts TC001_UserRegistration *****
00:54:29.584 [main] INFO  testCases.TC001_UserRegistration - *** Clicked On the MyAccount link***
00:54:30.212 [main] INFO  testCases.TC001_UserRegistration - *** Clicking On the Registeration user link***
00:54:30.213 [main] INFO  testCases.TC001_UserRegistration - *** Providing new user details ***
00:54:31.541 [main] INFO  testCases.TC001_UserRegistration - **Validating Expected Message**
00:54:31.576 [main] INFO  testCases.TC001_UserRegistration - **Finished TC001_UserRegistration **
00:56:47.576 [main] INFO  org.testng.internal.Utils - [TestNG] Running:
  D:\JAVA_Seleniun_Workspace\Practice_Workspace\OpenCartWebApp\crossbrowserTesting.xml

00:56:50.375 [TestNG-tests-1] INFO  testCases.TC002_LoginTest - **Test TC002_LoginTest Start**
00:56:50.376 [TestNG-tests-1] INFO  testCases.TC002_LoginTest - **clicking on the login link**
00:56:52.517 [TestNG-tests-1] INFO  testCases.TC002_LoginTest - **Reading file from the properties file**
00:56:52.518 [TestNG-tests-1] INFO  testCases.TC002_LoginTest - **Entering valid credientials**
00:56:53.638 [TestNG-tests-2] INFO  testCases.TC002_LoginTest - **Test TC002_LoginTest Start**
00:56:53.638 [TestNG-tests-2] INFO  testCases.TC002_LoginTest - **clicking on the login link**
00:56:54.255 [TestNG-tests-3] INFO  testCases.TC002_LoginTest - **Test TC002_LoginTest Start**
00:56:54.255 [TestNG-tests-3] INFO  testCases.TC002_LoginTest - **clicking on the login link**
00:58:17.062 [main] INFO  org.testng.internal.Utils - [TestNG] Running:
  D:\JAVA_Seleniun_Workspace\Practice_Workspace\OpenCartWebApp\crossbrowserTesting.xml

00:58:19.836 [TestNG-tests-1] INFO  testCases.TC002_LoginTest - **Test TC002_LoginTest Start**
00:58:19.836 [TestNG-tests-1] INFO  testCases.TC002_LoginTest - **clicking on the login link**
00:58:22.623 [TestNG-tests-1] INFO  testCases.TC002_LoginTest - **Reading file from the properties file**
