13:04:26.562 [main] INFO  testCases.TC001_UserRegistration - ***Test Starts TC001_UserRegistration *****
13:04:27.958 [main] INFO  testCases.TC001_UserRegistration - *** Clicked On the MyAccount link***
13:04:28.582 [main] INFO  testCases.TC001_UserRegistration - *** Clicking On the Registeration user link***
13:04:28.583 [main] INFO  testCases.TC001_UserRegistration - *** Providing new user details ***
13:04:30.017 [main] INFO  testCases.TC001_UserRegistration - **Validating Expected Message**
13:04:30.040 [main] ERROR testCases.TC001_UserRegistration - **Test Failed**
13:04:30.040 [main] DEBUG testCases.TC001_UserRegistration - Debug logs...
13:05:16.757 [main] DEBUG org.testng.TestNG - suiteXmlPath: "D:\JAVA_Seleniun_Workspace\Practice_Workspace\OpenCartWebApp\master.xml"
13:05:17.034 [main] INFO  org.testng.internal.Utils - [TestNG] Running:
  D:\JAVA_Seleniun_Workspace\Practice_Workspace\OpenCartWebApp\master.xml

13:05:21.242 [main] INFO  testCases.TC001_UserRegistration - ***Test Starts TC001_UserRegistration *****
13:05:21.314 [main] INFO  testCases.TC001_UserRegistration - *** Clicked On the MyAccount link***
13:05:22.075 [main] INFO  testCases.TC001_UserRegistration - *** Clicking On the Registeration user link***
13:05:22.076 [main] INFO  testCases.TC001_UserRegistration - *** Providing new user details ***
13:05:23.531 [main] INFO  testCases.TC001_UserRegistration - **Validating Expected Message**
13:05:23.579 [main] INFO  testCases.TC001_UserRegistration - **Finished TC001_UserRegistration **
13:05:53.963 [main] DEBUG org.testng.TestNG - suiteXmlPath: "D:\JAVA_Seleniun_Workspace\Practice_Workspace\OpenCartWebApp\crossbrowserTesting.xml"
13:05:54.255 [main] INFO  org.testng.internal.Utils - [TestNG] Running:
  D:\JAVA_Seleniun_Workspace\Practice_Workspace\OpenCartWebApp\crossbrowserTesting.xml

13:05:57.791 [main] INFO  testCases.TC001_UserRegistration - ***Test Starts TC001_UserRegistration *****
13:05:57.860 [main] INFO  testCases.TC001_UserRegistration - *** Clicked On the MyAccount link***
13:05:58.493 [main] INFO  testCases.TC001_UserRegistration - *** Clicking On the Registeration user link***
13:05:58.494 [main] INFO  testCases.TC001_UserRegistration - *** Providing new user details ***
13:05:59.891 [main] INFO  testCases.TC001_UserRegistration - **Validating Expected Message**
13:05:59.923 [main] INFO  testCases.TC001_UserRegistration - **Finished TC001_UserRegistration **
13:06:05.346 [main] INFO  testCases.TC001_UserRegistration - ***Test Starts TC001_UserRegistration *****
13:06:05.414 [main] INFO  testCases.TC001_UserRegistration - *** Clicked On the MyAccount link***
13:06:06.183 [main] INFO  testCases.TC001_UserRegistration - *** Clicking On the Registeration user link***
13:06:06.185 [main] INFO  testCases.TC001_UserRegistration - *** Providing new user details ***
13:06:07.534 [main] INFO  testCases.TC001_UserRegistration - **Validating Expected Message**
13:06:07.565 [main] INFO  testCases.TC001_UserRegistration - **Finished TC001_UserRegistration **
13:06:13.739 [main] INFO  testCases.TC001_UserRegistration - ***Test Starts TC001_UserRegistration *****
13:06:13.981 [main] INFO  testCases.TC001_UserRegistration - *** Clicked On the MyAccount link***
13:06:14.574 [main] INFO  testCases.TC001_UserRegistration - *** Clicking On the Registeration user link***
13:06:14.575 [main] INFO  testCases.TC001_UserRegistration - *** Providing new user details ***
13:06:15.821 [main] INFO  testCases.TC001_UserRegistration - **Validating Expected Message**
13:06:15.843 [main] INFO  testCases.TC001_UserRegistration - **Finished TC001_UserRegistration **
13:06:41.942 [main] DEBUG org.testng.TestNG - suiteXmlPath: "D:\JAVA_Seleniun_Workspace\Practice_Workspace\OpenCartWebApp\crossbrowserTesting.xml"
13:06:42.254 [main] INFO  org.testng.internal.Utils - [TestNG] Running:
  D:\JAVA_Seleniun_Workspace\Practice_Workspace\OpenCartWebApp\crossbrowserTesting.xml

13:06:46.277 [TestNG-tests-1] INFO  testCases.TC001_UserRegistration - ***Test Starts TC001_UserRegistration *****
13:06:46.388 [TestNG-tests-1] INFO  testCases.TC001_UserRegistration - *** Clicked On the MyAccount link***
13:06:47.029 [TestNG-tests-1] INFO  testCases.TC001_UserRegistration - *** Clicking On the Registeration user link***
13:06:47.031 [TestNG-tests-1] INFO  testCases.TC001_UserRegistration - *** Providing new user details ***
13:06:48.188 [TestNG-tests-2] INFO  testCases.TC001_UserRegistration - ***Test Starts TC001_UserRegistration *****
13:06:48.314 [TestNG-tests-2] INFO  testCases.TC001_UserRegistration - *** Clicked On the MyAccount link***
13:06:49.059 [TestNG-tests-1] INFO  testCases.TC001_UserRegistration - **Validating Expected Message**
13:06:49.188 [TestNG-tests-2] INFO  testCases.TC001_UserRegistration - *** Clicking On the Registeration user link***
13:06:49.190 [TestNG-tests-2] INFO  testCases.TC001_UserRegistration - *** Providing new user details ***
13:06:49.251 [TestNG-tests-1] INFO  testCases.TC001_UserRegistration - **Finished TC001_UserRegistration **
